Using Spark's default log4j profile: org/apache/spark/log4j-defaults.properties
18/10/30 00:19:32 INFO SparkContext: Running Spark version 1.5.2
18/10/30 00:19:32 WARN NativeCodeLoader: Unable to load native-hadoop library for your platform... using builtin-java classes where applicable
18/10/30 00:19:33 INFO SecurityManager: Changing view acls to: sxw0040
18/10/30 00:19:33 INFO SecurityManager: Changing modify acls to: sxw0040
18/10/30 00:19:33 INFO SecurityManager: SecurityManager: authentication disabled; ui acls disabled; users with view permissions: Set(sxw0040); users with modify permissions: Set(sxw0040)
18/10/30 00:19:34 INFO Slf4jLogger: Slf4jLogger started
18/10/30 00:19:34 INFO Remoting: Starting remoting
18/10/30 00:19:34 INFO Remoting: Remoting started; listening on addresses :[akka.tcp://sparkDriver@198.202.118.51:42868]
18/10/30 00:19:34 INFO Utils: Successfully started service 'sparkDriver' on port 42868.
18/10/30 00:19:34 INFO SparkEnv: Registering MapOutputTracker
18/10/30 00:19:34 INFO SparkEnv: Registering BlockManagerMaster
18/10/30 00:19:34 INFO DiskBlockManager: Created local directory at /tmp/blockmgr-9c058a4a-b7e5-441a-b060-a21417b51ae1
18/10/30 00:19:34 INFO MemoryStore: MemoryStore started with capacity 530.0 MB
18/10/30 00:19:34 INFO HttpFileServer: HTTP File server directory is /tmp/spark-6a1fe738-6cb4-41cc-812c-544340b2b864/httpd-118a89e4-97f1-434c-853c-fbecb4dccc32
18/10/30 00:19:34 INFO HttpServer: Starting HTTP Server
18/10/30 00:19:34 INFO Utils: Successfully started service 'HTTP file server' on port 35490.
18/10/30 00:19:34 INFO SparkEnv: Registering OutputCommitCoordinator
18/10/30 00:19:34 INFO Utils: Successfully started service 'SparkUI' on port 4040.
18/10/30 00:19:34 INFO SparkUI: Started SparkUI at http://198.202.118.51:4040
18/10/30 00:19:34 INFO SparkContext: Added JAR file:/home/sxw0040/project4/kmeans.jar at http://198.202.118.51:35490/jars/kmeans.jar with timestamp 1540883974814
18/10/30 00:19:34 WARN MetricsSystem: Using default name DAGScheduler for source because spark.app.id is not set.
18/10/30 00:19:34 INFO Executor: Starting executor ID driver on host localhost
18/10/30 00:19:35 INFO Utils: Successfully started service 'org.apache.spark.network.netty.NettyBlockTransferService' on port 39655.
18/10/30 00:19:35 INFO NettyBlockTransferService: Server created on 39655
18/10/30 00:19:35 INFO BlockManagerMaster: Trying to register BlockManager
18/10/30 00:19:35 INFO BlockManagerMasterEndpoint: Registering block manager localhost:39655 with 530.0 MB RAM, BlockManagerId(driver, localhost, 39655)
18/10/30 00:19:35 INFO BlockManagerMaster: Registered BlockManager
18/10/30 00:19:36 INFO MemoryStore: ensureFreeSpace(120040) called with curMem=0, maxMem=555755765
18/10/30 00:19:36 INFO MemoryStore: Block broadcast_0 stored as values in memory (estimated size 117.2 KB, free 529.9 MB)
18/10/30 00:19:36 INFO MemoryStore: ensureFreeSpace(12673) called with curMem=120040, maxMem=555755765
18/10/30 00:19:36 INFO MemoryStore: Block broadcast_0_piece0 stored as bytes in memory (estimated size 12.4 KB, free 529.9 MB)
18/10/30 00:19:36 INFO BlockManagerInfo: Added broadcast_0_piece0 in memory on localhost:39655 (size: 12.4 KB, free: 530.0 MB)
18/10/30 00:19:36 INFO SparkContext: Created broadcast 0 from textFile at KMeans.scala:17
18/10/30 00:19:36 INFO FileInputFormat: Total input paths to process : 1
18/10/30 00:19:36 INFO SparkContext: Starting job: collect at KMeans.scala:18
18/10/30 00:19:36 INFO DAGScheduler: Got job 0 (collect at KMeans.scala:18) with 2 output partitions
18/10/30 00:19:36 INFO DAGScheduler: Final stage: ResultStage 0(collect at KMeans.scala:18)
18/10/30 00:19:36 INFO DAGScheduler: Parents of final stage: List()
18/10/30 00:19:36 INFO DAGScheduler: Missing parents: List()
18/10/30 00:19:36 INFO DAGScheduler: Submitting ResultStage 0 (MapPartitionsRDD[1] at textFile at KMeans.scala:17), which has no missing parents
18/10/30 00:19:36 INFO MemoryStore: ensureFreeSpace(3120) called with curMem=132713, maxMem=555755765
18/10/30 00:19:36 INFO MemoryStore: Block broadcast_1 stored as values in memory (estimated size 3.0 KB, free 529.9 MB)
18/10/30 00:19:36 INFO MemoryStore: ensureFreeSpace(1787) called with curMem=135833, maxMem=555755765
18/10/30 00:19:36 INFO MemoryStore: Block broadcast_1_piece0 stored as bytes in memory (estimated size 1787.0 B, free 529.9 MB)
18/10/30 00:19:36 INFO BlockManagerInfo: Added broadcast_1_piece0 in memory on localhost:39655 (size: 1787.0 B, free: 530.0 MB)
18/10/30 00:19:36 INFO SparkContext: Created broadcast 1 from broadcast at DAGScheduler.scala:861
18/10/30 00:19:36 INFO DAGScheduler: Submitting 2 missing tasks from ResultStage 0 (MapPartitionsRDD[1] at textFile at KMeans.scala:17)
18/10/30 00:19:36 INFO TaskSchedulerImpl: Adding task set 0.0 with 2 tasks
18/10/30 00:19:36 INFO TaskSetManager: Starting task 0.0 in stage 0.0 (TID 0, localhost, PROCESS_LOCAL, 2203 bytes)
18/10/30 00:19:36 INFO TaskSetManager: Starting task 1.0 in stage 0.0 (TID 1, localhost, PROCESS_LOCAL, 2203 bytes)
18/10/30 00:19:36 INFO Executor: Running task 1.0 in stage 0.0 (TID 1)
18/10/30 00:19:36 INFO Executor: Running task 0.0 in stage 0.0 (TID 0)
18/10/30 00:19:36 INFO Executor: Fetching http://198.202.118.51:35490/jars/kmeans.jar with timestamp 1540883974814
18/10/30 00:19:36 INFO Utils: Fetching http://198.202.118.51:35490/jars/kmeans.jar to /tmp/spark-6a1fe738-6cb4-41cc-812c-544340b2b864/userFiles-db9bdb92-8c67-4dcb-bab3-1584f9c9f85b/fetchFileTemp3432099793636591400.tmp
18/10/30 00:19:36 INFO Executor: Adding file:/tmp/spark-6a1fe738-6cb4-41cc-812c-544340b2b864/userFiles-db9bdb92-8c67-4dcb-bab3-1584f9c9f85b/kmeans.jar to class loader
18/10/30 00:19:36 INFO HadoopRDD: Input split: file:/home/sxw0040/project4/centroids.txt:0+450
18/10/30 00:19:36 INFO HadoopRDD: Input split: file:/home/sxw0040/project4/centroids.txt:450+450
18/10/30 00:19:36 INFO deprecation: mapred.tip.id is deprecated. Instead, use mapreduce.task.id
18/10/30 00:19:36 INFO deprecation: mapred.task.id is deprecated. Instead, use mapreduce.task.attempt.id
18/10/30 00:19:36 INFO deprecation: mapred.task.is.map is deprecated. Instead, use mapreduce.task.ismap
18/10/30 00:19:36 INFO deprecation: mapred.task.partition is deprecated. Instead, use mapreduce.task.partition
18/10/30 00:19:36 INFO deprecation: mapred.job.id is deprecated. Instead, use mapreduce.job.id
18/10/30 00:19:36 INFO Executor: Finished task 1.0 in stage 0.0 (TID 1). 2589 bytes result sent to driver
18/10/30 00:19:36 INFO Executor: Finished task 0.0 in stage 0.0 (TID 0). 2605 bytes result sent to driver
18/10/30 00:19:37 INFO TaskSetManager: Finished task 0.0 in stage 0.0 (TID 0) in 314 ms on localhost (1/2)
18/10/30 00:19:37 INFO TaskSetManager: Finished task 1.0 in stage 0.0 (TID 1) in 268 ms on localhost (2/2)
18/10/30 00:19:37 INFO DAGScheduler: ResultStage 0 (collect at KMeans.scala:18) finished in 0.323 s
18/10/30 00:19:37 INFO DAGScheduler: Job 0 finished: collect at KMeans.scala:18, took 0.432978 s
18/10/30 00:19:37 INFO TaskSchedulerImpl: Removed TaskSet 0.0, whose tasks have all completed, from pool 
18/10/30 00:19:37 INFO MemoryStore: ensureFreeSpace(57192) called with curMem=137620, maxMem=555755765
18/10/30 00:19:37 INFO MemoryStore: Block broadcast_2 stored as values in memory (estimated size 55.9 KB, free 529.8 MB)
18/10/30 00:19:37 INFO MemoryStore: ensureFreeSpace(17179) called with curMem=194812, maxMem=555755765
18/10/30 00:19:37 INFO MemoryStore: Block broadcast_2_piece0 stored as bytes in memory (estimated size 16.8 KB, free 529.8 MB)
18/10/30 00:19:37 INFO BlockManagerInfo: Added broadcast_2_piece0 in memory on localhost:39655 (size: 16.8 KB, free: 530.0 MB)
18/10/30 00:19:37 INFO SparkContext: Created broadcast 2 from textFile at KMeans.scala:21
18/10/30 00:19:37 INFO FileInputFormat: Total input paths to process : 1
18/10/30 00:19:37 INFO SparkContext: Starting job: collect at KMeans.scala:21
18/10/30 00:19:37 INFO DAGScheduler: Got job 1 (collect at KMeans.scala:21) with 2 output partitions
18/10/30 00:19:37 INFO DAGScheduler: Final stage: ResultStage 1(collect at KMeans.scala:21)
18/10/30 00:19:37 INFO DAGScheduler: Parents of final stage: List()
18/10/30 00:19:37 INFO DAGScheduler: Missing parents: List()
18/10/30 00:19:37 INFO DAGScheduler: Submitting ResultStage 1 (MapPartitionsRDD[3] at textFile at KMeans.scala:21), which has no missing parents
18/10/30 00:19:37 INFO MemoryStore: ensureFreeSpace(3128) called with curMem=211991, maxMem=555755765
18/10/30 00:19:37 INFO MemoryStore: Block broadcast_3 stored as values in memory (estimated size 3.1 KB, free 529.8 MB)
18/10/30 00:19:37 INFO MemoryStore: ensureFreeSpace(1787) called with curMem=215119, maxMem=555755765
18/10/30 00:19:37 INFO MemoryStore: Block broadcast_3_piece0 stored as bytes in memory (estimated size 1787.0 B, free 529.8 MB)
18/10/30 00:19:37 INFO BlockManagerInfo: Added broadcast_3_piece0 in memory on localhost:39655 (size: 1787.0 B, free: 530.0 MB)
18/10/30 00:19:37 INFO SparkContext: Created broadcast 3 from broadcast at DAGScheduler.scala:861
18/10/30 00:19:37 INFO DAGScheduler: Submitting 2 missing tasks from ResultStage 1 (MapPartitionsRDD[3] at textFile at KMeans.scala:21)
18/10/30 00:19:37 INFO TaskSchedulerImpl: Adding task set 1.0 with 2 tasks
18/10/30 00:19:37 INFO TaskSetManager: Starting task 0.0 in stage 1.0 (TID 2, localhost, PROCESS_LOCAL, 2206 bytes)
18/10/30 00:19:37 INFO TaskSetManager: Starting task 1.0 in stage 1.0 (TID 3, localhost, PROCESS_LOCAL, 2206 bytes)
18/10/30 00:19:37 INFO Executor: Running task 0.0 in stage 1.0 (TID 2)
18/10/30 00:19:37 INFO HadoopRDD: Input split: file:/home/sxw0040/project4/points-small.txt:0+18474
18/10/30 00:19:37 INFO Executor: Running task 1.0 in stage 1.0 (TID 3)
18/10/30 00:19:37 INFO HadoopRDD: Input split: file:/home/sxw0040/project4/points-small.txt:18474+18474
18/10/30 00:19:37 INFO Executor: Finished task 0.0 in stage 1.0 (TID 2). 21626 bytes result sent to driver
18/10/30 00:19:37 INFO TaskSetManager: Finished task 0.0 in stage 1.0 (TID 2) in 30 ms on localhost (1/2)
18/10/30 00:19:37 INFO Executor: Finished task 1.0 in stage 1.0 (TID 3). 21600 bytes result sent to driver
18/10/30 00:19:37 INFO TaskSetManager: Finished task 1.0 in stage 1.0 (TID 3) in 58 ms on localhost (2/2)
18/10/30 00:19:37 INFO TaskSchedulerImpl: Removed TaskSet 1.0, whose tasks have all completed, from pool 
18/10/30 00:19:37 INFO DAGScheduler: ResultStage 1 (collect at KMeans.scala:21) finished in 0.059 s
18/10/30 00:19:37 INFO DAGScheduler: Job 1 finished: collect at KMeans.scala:21, took 0.073694 s
18/10/30 00:19:37 INFO SparkContext: Starting job: collect at KMeans.scala:41
18/10/30 00:19:37 INFO DAGScheduler: Registering RDD 4 (parallelize at KMeans.scala:38)
18/10/30 00:19:37 INFO DAGScheduler: Got job 2 (collect at KMeans.scala:41) with 2 output partitions
18/10/30 00:19:37 INFO DAGScheduler: Final stage: ResultStage 3(collect at KMeans.scala:41)
18/10/30 00:19:37 INFO DAGScheduler: Parents of final stage: List(ShuffleMapStage 2)
18/10/30 00:19:37 INFO DAGScheduler: Missing parents: List(ShuffleMapStage 2)
18/10/30 00:19:37 INFO DAGScheduler: Submitting ShuffleMapStage 2 (ParallelCollectionRDD[4] at parallelize at KMeans.scala:38), which has no missing parents
18/10/30 00:19:37 INFO MemoryStore: ensureFreeSpace(2640) called with curMem=216906, maxMem=555755765
18/10/30 00:19:37 INFO MemoryStore: Block broadcast_4 stored as values in memory (estimated size 2.6 KB, free 529.8 MB)
18/10/30 00:19:37 INFO MemoryStore: ensureFreeSpace(1435) called with curMem=219546, maxMem=555755765
18/10/30 00:19:37 INFO MemoryStore: Block broadcast_4_piece0 stored as bytes in memory (estimated size 1435.0 B, free 529.8 MB)
18/10/30 00:19:37 INFO BlockManagerInfo: Added broadcast_4_piece0 in memory on localhost:39655 (size: 1435.0 B, free: 530.0 MB)
18/10/30 00:19:37 INFO SparkContext: Created broadcast 4 from broadcast at DAGScheduler.scala:861
18/10/30 00:19:37 INFO DAGScheduler: Submitting 2 missing tasks from ShuffleMapStage 2 (ParallelCollectionRDD[4] at parallelize at KMeans.scala:38)
18/10/30 00:19:37 INFO TaskSchedulerImpl: Adding task set 2.0 with 2 tasks
18/10/30 00:19:37 INFO TaskSetManager: Starting task 0.0 in stage 2.0 (TID 4, localhost, PROCESS_LOCAL, 21608 bytes)
18/10/30 00:19:37 INFO TaskSetManager: Starting task 1.0 in stage 2.0 (TID 5, localhost, PROCESS_LOCAL, 21589 bytes)
18/10/30 00:19:37 INFO Executor: Running task 0.0 in stage 2.0 (TID 4)
18/10/30 00:19:37 INFO Executor: Running task 1.0 in stage 2.0 (TID 5)
18/10/30 00:19:37 INFO Executor: Finished task 1.0 in stage 2.0 (TID 5). 1159 bytes result sent to driver
18/10/30 00:19:37 INFO Executor: Finished task 0.0 in stage 2.0 (TID 4). 1159 bytes result sent to driver
18/10/30 00:19:37 INFO TaskSetManager: Finished task 1.0 in stage 2.0 (TID 5) in 99 ms on localhost (1/2)
18/10/30 00:19:37 INFO TaskSetManager: Finished task 0.0 in stage 2.0 (TID 4) in 127 ms on localhost (2/2)
18/10/30 00:19:37 INFO TaskSchedulerImpl: Removed TaskSet 2.0, whose tasks have all completed, from pool 
18/10/30 00:19:37 INFO DAGScheduler: ShuffleMapStage 2 (parallelize at KMeans.scala:38) finished in 0.115 s
18/10/30 00:19:37 INFO DAGScheduler: looking for newly runnable stages
18/10/30 00:19:37 INFO DAGScheduler: running: Set()
18/10/30 00:19:37 INFO DAGScheduler: waiting: Set(ResultStage 3)
18/10/30 00:19:37 INFO DAGScheduler: failed: Set()
18/10/30 00:19:37 INFO DAGScheduler: Missing parents for ResultStage 3: List()
18/10/30 00:19:37 INFO DAGScheduler: Submitting ResultStage 3 (ShuffledRDD[5] at groupByKey at KMeans.scala:40), which is now runnable
18/10/30 00:19:37 INFO MemoryStore: ensureFreeSpace(3360) called with curMem=220981, maxMem=555755765
18/10/30 00:19:37 INFO MemoryStore: Block broadcast_5 stored as values in memory (estimated size 3.3 KB, free 529.8 MB)
18/10/30 00:19:37 INFO MemoryStore: ensureFreeSpace(1771) called with curMem=224341, maxMem=555755765
18/10/30 00:19:37 INFO MemoryStore: Block broadcast_5_piece0 stored as bytes in memory (estimated size 1771.0 B, free 529.8 MB)
18/10/30 00:19:37 INFO BlockManagerInfo: Added broadcast_5_piece0 in memory on localhost:39655 (size: 1771.0 B, free: 530.0 MB)
18/10/30 00:19:37 INFO SparkContext: Created broadcast 5 from broadcast at DAGScheduler.scala:861
18/10/30 00:19:37 INFO DAGScheduler: Submitting 2 missing tasks from ResultStage 3 (ShuffledRDD[5] at groupByKey at KMeans.scala:40)
18/10/30 00:19:37 INFO TaskSchedulerImpl: Adding task set 3.0 with 2 tasks
18/10/30 00:19:37 INFO TaskSetManager: Starting task 0.0 in stage 3.0 (TID 6, localhost, PROCESS_LOCAL, 1954 bytes)
18/10/30 00:19:37 INFO TaskSetManager: Starting task 1.0 in stage 3.0 (TID 7, localhost, PROCESS_LOCAL, 1954 bytes)
18/10/30 00:19:37 INFO Executor: Running task 1.0 in stage 3.0 (TID 7)
18/10/30 00:19:37 INFO Executor: Running task 0.0 in stage 3.0 (TID 6)
18/10/30 00:19:37 INFO ShuffleBlockFetcherIterator: Getting 2 non-empty blocks out of 2 blocks
18/10/30 00:19:37 INFO ShuffleBlockFetcherIterator: Started 0 remote fetches in 5 ms
18/10/30 00:19:37 INFO ShuffleBlockFetcherIterator: Getting 2 non-empty blocks out of 2 blocks
18/10/30 00:19:37 INFO ShuffleBlockFetcherIterator: Started 0 remote fetches in 11 ms
18/10/30 00:19:37 INFO Executor: Finished task 1.0 in stage 3.0 (TID 7). 17219 bytes result sent to driver
18/10/30 00:19:37 INFO TaskSetManager: Finished task 1.0 in stage 3.0 (TID 7) in 226 ms on localhost (1/2)
18/10/30 00:19:37 INFO Executor: Finished task 0.0 in stage 3.0 (TID 6). 15857 bytes result sent to driver
18/10/30 00:19:37 INFO TaskSetManager: Finished task 0.0 in stage 3.0 (TID 6) in 235 ms on localhost (2/2)
18/10/30 00:19:37 INFO TaskSchedulerImpl: Removed TaskSet 3.0, whose tasks have all completed, from pool 
18/10/30 00:19:37 INFO DAGScheduler: ResultStage 3 (collect at KMeans.scala:41) finished in 0.227 s
18/10/30 00:19:37 INFO DAGScheduler: Job 2 finished: collect at KMeans.scala:41, took 0.394662 s
18/10/30 00:19:37 INFO SparkContext: Starting job: collect at KMeans.scala:41
18/10/30 00:19:37 INFO DAGScheduler: Registering RDD 6 (parallelize at KMeans.scala:38)
18/10/30 00:19:37 INFO DAGScheduler: Got job 3 (collect at KMeans.scala:41) with 2 output partitions
18/10/30 00:19:37 INFO DAGScheduler: Final stage: ResultStage 5(collect at KMeans.scala:41)
18/10/30 00:19:37 INFO DAGScheduler: Parents of final stage: List(ShuffleMapStage 4)
18/10/30 00:19:37 INFO DAGScheduler: Missing parents: List(ShuffleMapStage 4)
18/10/30 00:19:37 INFO DAGScheduler: Submitting ShuffleMapStage 4 (ParallelCollectionRDD[6] at parallelize at KMeans.scala:38), which has no missing parents
18/10/30 00:19:37 INFO MemoryStore: ensureFreeSpace(2640) called with curMem=226112, maxMem=555755765
18/10/30 00:19:37 INFO MemoryStore: Block broadcast_6 stored as values in memory (estimated size 2.6 KB, free 529.8 MB)
18/10/30 00:19:37 INFO MemoryStore: ensureFreeSpace(1438) called with curMem=228752, maxMem=555755765
18/10/30 00:19:37 INFO MemoryStore: Block broadcast_6_piece0 stored as bytes in memory (estimated size 1438.0 B, free 529.8 MB)
18/10/30 00:19:37 INFO BlockManagerInfo: Added broadcast_6_piece0 in memory on localhost:39655 (size: 1438.0 B, free: 530.0 MB)
18/10/30 00:19:37 INFO SparkContext: Created broadcast 6 from broadcast at DAGScheduler.scala:861
18/10/30 00:19:37 INFO DAGScheduler: Submitting 2 missing tasks from ShuffleMapStage 4 (ParallelCollectionRDD[6] at parallelize at KMeans.scala:38)
18/10/30 00:19:37 INFO TaskSchedulerImpl: Adding task set 4.0 with 2 tasks
18/10/30 00:19:37 INFO TaskSetManager: Starting task 0.0 in stage 4.0 (TID 8, localhost, PROCESS_LOCAL, 21608 bytes)
18/10/30 00:19:37 INFO TaskSetManager: Starting task 1.0 in stage 4.0 (TID 9, localhost, PROCESS_LOCAL, 21589 bytes)
18/10/30 00:19:37 INFO Executor: Running task 0.0 in stage 4.0 (TID 8)
18/10/30 00:19:37 INFO Executor: Running task 1.0 in stage 4.0 (TID 9)
18/10/30 00:19:37 INFO Executor: Finished task 0.0 in stage 4.0 (TID 8). 1159 bytes result sent to driver
18/10/30 00:19:37 INFO Executor: Finished task 1.0 in stage 4.0 (TID 9). 1159 bytes result sent to driver
18/10/30 00:19:37 INFO TaskSetManager: Finished task 0.0 in stage 4.0 (TID 8) in 18 ms on localhost (1/2)
18/10/30 00:19:37 INFO TaskSetManager: Finished task 1.0 in stage 4.0 (TID 9) in 15 ms on localhost (2/2)
18/10/30 00:19:37 INFO TaskSchedulerImpl: Removed TaskSet 4.0, whose tasks have all completed, from pool 
18/10/30 00:19:37 INFO DAGScheduler: ShuffleMapStage 4 (parallelize at KMeans.scala:38) finished in 0.023 s
18/10/30 00:19:37 INFO DAGScheduler: looking for newly runnable stages
18/10/30 00:19:37 INFO DAGScheduler: running: Set()
18/10/30 00:19:37 INFO DAGScheduler: waiting: Set(ResultStage 5)
18/10/30 00:19:37 INFO DAGScheduler: failed: Set()
18/10/30 00:19:37 INFO DAGScheduler: Missing parents for ResultStage 5: List()
18/10/30 00:19:37 INFO DAGScheduler: Submitting ResultStage 5 (ShuffledRDD[7] at groupByKey at KMeans.scala:40), which is now runnable
18/10/30 00:19:37 INFO MemoryStore: ensureFreeSpace(3360) called with curMem=230190, maxMem=555755765
18/10/30 00:19:37 INFO MemoryStore: Block broadcast_7 stored as values in memory (estimated size 3.3 KB, free 529.8 MB)
18/10/30 00:19:37 INFO MemoryStore: ensureFreeSpace(1777) called with curMem=233550, maxMem=555755765
18/10/30 00:19:37 INFO MemoryStore: Block broadcast_7_piece0 stored as bytes in memory (estimated size 1777.0 B, free 529.8 MB)
18/10/30 00:19:37 INFO BlockManagerInfo: Added broadcast_7_piece0 in memory on localhost:39655 (size: 1777.0 B, free: 530.0 MB)
18/10/30 00:19:37 INFO SparkContext: Created broadcast 7 from broadcast at DAGScheduler.scala:861
18/10/30 00:19:37 INFO DAGScheduler: Submitting 2 missing tasks from ResultStage 5 (ShuffledRDD[7] at groupByKey at KMeans.scala:40)
18/10/30 00:19:37 INFO TaskSchedulerImpl: Adding task set 5.0 with 2 tasks
18/10/30 00:19:37 INFO TaskSetManager: Starting task 0.0 in stage 5.0 (TID 10, localhost, PROCESS_LOCAL, 1954 bytes)
18/10/30 00:19:37 INFO TaskSetManager: Starting task 1.0 in stage 5.0 (TID 11, localhost, PROCESS_LOCAL, 1954 bytes)
18/10/30 00:19:37 INFO Executor: Running task 0.0 in stage 5.0 (TID 10)
18/10/30 00:19:37 INFO ShuffleBlockFetcherIterator: Getting 2 non-empty blocks out of 2 blocks
18/10/30 00:19:37 INFO ShuffleBlockFetcherIterator: Started 0 remote fetches in 0 ms
18/10/30 00:19:37 INFO Executor: Running task 1.0 in stage 5.0 (TID 11)
18/10/30 00:19:37 INFO ShuffleBlockFetcherIterator: Getting 2 non-empty blocks out of 2 blocks
18/10/30 00:19:37 INFO ShuffleBlockFetcherIterator: Started 0 remote fetches in 1 ms
18/10/30 00:19:37 INFO Executor: Finished task 0.0 in stage 5.0 (TID 10). 16222 bytes result sent to driver
18/10/30 00:19:37 INFO TaskSetManager: Finished task 0.0 in stage 5.0 (TID 10) in 36 ms on localhost (1/2)
18/10/30 00:19:37 INFO Executor: Finished task 1.0 in stage 5.0 (TID 11). 16854 bytes result sent to driver
18/10/30 00:19:37 INFO TaskSetManager: Finished task 1.0 in stage 5.0 (TID 11) in 53 ms on localhost (2/2)
18/10/30 00:19:37 INFO TaskSchedulerImpl: Removed TaskSet 5.0, whose tasks have all completed, from pool 
18/10/30 00:19:37 INFO DAGScheduler: ResultStage 5 (collect at KMeans.scala:41) finished in 0.055 s
18/10/30 00:19:37 INFO DAGScheduler: Job 3 finished: collect at KMeans.scala:41, took 0.115575 s
18/10/30 00:19:38 INFO SparkContext: Starting job: collect at KMeans.scala:41
18/10/30 00:19:38 INFO DAGScheduler: Registering RDD 8 (parallelize at KMeans.scala:38)
18/10/30 00:19:38 INFO DAGScheduler: Got job 4 (collect at KMeans.scala:41) with 2 output partitions
18/10/30 00:19:38 INFO DAGScheduler: Final stage: ResultStage 7(collect at KMeans.scala:41)
18/10/30 00:19:38 INFO DAGScheduler: Parents of final stage: List(ShuffleMapStage 6)
18/10/30 00:19:38 INFO DAGScheduler: Missing parents: List(ShuffleMapStage 6)
18/10/30 00:19:38 INFO DAGScheduler: Submitting ShuffleMapStage 6 (ParallelCollectionRDD[8] at parallelize at KMeans.scala:38), which has no missing parents
18/10/30 00:19:38 INFO MemoryStore: ensureFreeSpace(2640) called with curMem=235327, maxMem=555755765
18/10/30 00:19:38 INFO MemoryStore: Block broadcast_8 stored as values in memory (estimated size 2.6 KB, free 529.8 MB)
18/10/30 00:19:38 INFO MemoryStore: ensureFreeSpace(1432) called with curMem=237967, maxMem=555755765
18/10/30 00:19:38 INFO MemoryStore: Block broadcast_8_piece0 stored as bytes in memory (estimated size 1432.0 B, free 529.8 MB)
18/10/30 00:19:38 INFO BlockManagerInfo: Added broadcast_8_piece0 in memory on localhost:39655 (size: 1432.0 B, free: 530.0 MB)
18/10/30 00:19:38 INFO SparkContext: Created broadcast 8 from broadcast at DAGScheduler.scala:861
18/10/30 00:19:38 INFO DAGScheduler: Submitting 2 missing tasks from ShuffleMapStage 6 (ParallelCollectionRDD[8] at parallelize at KMeans.scala:38)
18/10/30 00:19:38 INFO TaskSchedulerImpl: Adding task set 6.0 with 2 tasks
18/10/30 00:19:38 INFO TaskSetManager: Starting task 0.0 in stage 6.0 (TID 12, localhost, PROCESS_LOCAL, 21608 bytes)
18/10/30 00:19:38 INFO TaskSetManager: Starting task 1.0 in stage 6.0 (TID 13, localhost, PROCESS_LOCAL, 21589 bytes)
18/10/30 00:19:38 INFO Executor: Running task 0.0 in stage 6.0 (TID 12)
18/10/30 00:19:38 INFO Executor: Running task 1.0 in stage 6.0 (TID 13)
18/10/30 00:19:38 INFO Executor: Finished task 0.0 in stage 6.0 (TID 12). 1159 bytes result sent to driver
18/10/30 00:19:38 INFO TaskSetManager: Finished task 0.0 in stage 6.0 (TID 12) in 10 ms on localhost (1/2)
18/10/30 00:19:38 INFO Executor: Finished task 1.0 in stage 6.0 (TID 13). 1159 bytes result sent to driver
18/10/30 00:19:38 INFO TaskSetManager: Finished task 1.0 in stage 6.0 (TID 13) in 10 ms on localhost (2/2)
18/10/30 00:19:38 INFO TaskSchedulerImpl: Removed TaskSet 6.0, whose tasks have all completed, from pool 
18/10/30 00:19:38 INFO DAGScheduler: ShuffleMapStage 6 (parallelize at KMeans.scala:38) finished in 0.006 s
18/10/30 00:19:38 INFO DAGScheduler: looking for newly runnable stages
18/10/30 00:19:38 INFO DAGScheduler: running: Set()
18/10/30 00:19:38 INFO DAGScheduler: waiting: Set(ResultStage 7)
18/10/30 00:19:38 INFO DAGScheduler: failed: Set()
18/10/30 00:19:38 INFO DAGScheduler: Missing parents for ResultStage 7: List()
18/10/30 00:19:38 INFO DAGScheduler: Submitting ResultStage 7 (ShuffledRDD[9] at groupByKey at KMeans.scala:40), which is now runnable
18/10/30 00:19:38 INFO MemoryStore: ensureFreeSpace(3360) called with curMem=239399, maxMem=555755765
18/10/30 00:19:38 INFO MemoryStore: Block broadcast_9 stored as values in memory (estimated size 3.3 KB, free 529.8 MB)
18/10/30 00:19:38 INFO MemoryStore: ensureFreeSpace(1769) called with curMem=242759, maxMem=555755765
18/10/30 00:19:38 INFO MemoryStore: Block broadcast_9_piece0 stored as bytes in memory (estimated size 1769.0 B, free 529.8 MB)
18/10/30 00:19:38 INFO BlockManagerInfo: Added broadcast_9_piece0 in memory on localhost:39655 (size: 1769.0 B, free: 530.0 MB)
18/10/30 00:19:38 INFO SparkContext: Created broadcast 9 from broadcast at DAGScheduler.scala:861
18/10/30 00:19:38 INFO DAGScheduler: Submitting 2 missing tasks from ResultStage 7 (ShuffledRDD[9] at groupByKey at KMeans.scala:40)
18/10/30 00:19:38 INFO TaskSchedulerImpl: Adding task set 7.0 with 2 tasks
18/10/30 00:19:38 INFO TaskSetManager: Starting task 0.0 in stage 7.0 (TID 14, localhost, PROCESS_LOCAL, 1954 bytes)
18/10/30 00:19:38 INFO TaskSetManager: Starting task 1.0 in stage 7.0 (TID 15, localhost, PROCESS_LOCAL, 1954 bytes)
18/10/30 00:19:38 INFO Executor: Running task 0.0 in stage 7.0 (TID 14)
18/10/30 00:19:38 INFO ShuffleBlockFetcherIterator: Getting 2 non-empty blocks out of 2 blocks
18/10/30 00:19:38 INFO ShuffleBlockFetcherIterator: Started 0 remote fetches in 0 ms
18/10/30 00:19:38 INFO Executor: Running task 1.0 in stage 7.0 (TID 15)
18/10/30 00:19:38 INFO ShuffleBlockFetcherIterator: Getting 2 non-empty blocks out of 2 blocks
18/10/30 00:19:38 INFO ShuffleBlockFetcherIterator: Started 0 remote fetches in 0 ms
18/10/30 00:19:38 INFO Executor: Finished task 1.0 in stage 7.0 (TID 15). 16854 bytes result sent to driver
18/10/30 00:19:38 INFO TaskSetManager: Finished task 1.0 in stage 7.0 (TID 15) in 32 ms on localhost (1/2)
18/10/30 00:19:38 INFO Executor: Finished task 0.0 in stage 7.0 (TID 14). 16222 bytes result sent to driver
18/10/30 00:19:38 INFO TaskSetManager: Finished task 0.0 in stage 7.0 (TID 14) in 34 ms on localhost (2/2)
18/10/30 00:19:38 INFO TaskSchedulerImpl: Removed TaskSet 7.0, whose tasks have all completed, from pool 
18/10/30 00:19:38 INFO DAGScheduler: ResultStage 7 (collect at KMeans.scala:41) finished in 0.034 s
18/10/30 00:19:38 INFO DAGScheduler: Job 4 finished: collect at KMeans.scala:41, took 0.081796 s
18/10/30 00:19:38 INFO SparkContext: Starting job: collect at KMeans.scala:41
18/10/30 00:19:38 INFO DAGScheduler: Registering RDD 10 (parallelize at KMeans.scala:38)
18/10/30 00:19:38 INFO DAGScheduler: Got job 5 (collect at KMeans.scala:41) with 2 output partitions
18/10/30 00:19:38 INFO DAGScheduler: Final stage: ResultStage 9(collect at KMeans.scala:41)
18/10/30 00:19:38 INFO DAGScheduler: Parents of final stage: List(ShuffleMapStage 8)
18/10/30 00:19:38 INFO DAGScheduler: Missing parents: List(ShuffleMapStage 8)
18/10/30 00:19:38 INFO DAGScheduler: Submitting ShuffleMapStage 8 (ParallelCollectionRDD[10] at parallelize at KMeans.scala:38), which has no missing parents
18/10/30 00:19:38 INFO MemoryStore: ensureFreeSpace(2640) called with curMem=244528, maxMem=555755765
18/10/30 00:19:38 INFO MemoryStore: Block broadcast_10 stored as values in memory (estimated size 2.6 KB, free 529.8 MB)
18/10/30 00:19:38 INFO MemoryStore: ensureFreeSpace(1436) called with curMem=247168, maxMem=555755765
18/10/30 00:19:38 INFO MemoryStore: Block broadcast_10_piece0 stored as bytes in memory (estimated size 1436.0 B, free 529.8 MB)
18/10/30 00:19:38 INFO BlockManagerInfo: Added broadcast_10_piece0 in memory on localhost:39655 (size: 1436.0 B, free: 530.0 MB)
18/10/30 00:19:38 INFO SparkContext: Created broadcast 10 from broadcast at DAGScheduler.scala:861
18/10/30 00:19:38 INFO DAGScheduler: Submitting 2 missing tasks from ShuffleMapStage 8 (ParallelCollectionRDD[10] at parallelize at KMeans.scala:38)
18/10/30 00:19:38 INFO TaskSchedulerImpl: Adding task set 8.0 with 2 tasks
18/10/30 00:19:38 INFO TaskSetManager: Starting task 0.0 in stage 8.0 (TID 16, localhost, PROCESS_LOCAL, 21608 bytes)
18/10/30 00:19:38 INFO TaskSetManager: Starting task 1.0 in stage 8.0 (TID 17, localhost, PROCESS_LOCAL, 21589 bytes)
18/10/30 00:19:38 INFO Executor: Running task 0.0 in stage 8.0 (TID 16)
18/10/30 00:19:38 INFO Executor: Running task 1.0 in stage 8.0 (TID 17)
18/10/30 00:19:38 INFO Executor: Finished task 0.0 in stage 8.0 (TID 16). 1159 bytes result sent to driver
18/10/30 00:19:38 INFO Executor: Finished task 1.0 in stage 8.0 (TID 17). 1159 bytes result sent to driver
18/10/30 00:19:38 INFO TaskSetManager: Finished task 0.0 in stage 8.0 (TID 16) in 9 ms on localhost (1/2)
18/10/30 00:19:38 INFO TaskSetManager: Finished task 1.0 in stage 8.0 (TID 17) in 9 ms on localhost (2/2)
18/10/30 00:19:38 INFO TaskSchedulerImpl: Removed TaskSet 8.0, whose tasks have all completed, from pool 
18/10/30 00:19:38 INFO DAGScheduler: ShuffleMapStage 8 (parallelize at KMeans.scala:38) finished in 0.013 s
18/10/30 00:19:38 INFO DAGScheduler: looking for newly runnable stages
18/10/30 00:19:38 INFO DAGScheduler: running: Set()
18/10/30 00:19:38 INFO DAGScheduler: waiting: Set(ResultStage 9)
18/10/30 00:19:38 INFO DAGScheduler: failed: Set()
18/10/30 00:19:38 INFO DAGScheduler: Missing parents for ResultStage 9: List()
18/10/30 00:19:38 INFO DAGScheduler: Submitting ResultStage 9 (ShuffledRDD[11] at groupByKey at KMeans.scala:40), which is now runnable
18/10/30 00:19:38 INFO MemoryStore: ensureFreeSpace(3360) called with curMem=248604, maxMem=555755765
18/10/30 00:19:38 INFO MemoryStore: Block broadcast_11 stored as values in memory (estimated size 3.3 KB, free 529.8 MB)
18/10/30 00:19:38 INFO MemoryStore: ensureFreeSpace(1775) called with curMem=251964, maxMem=555755765
18/10/30 00:19:38 INFO MemoryStore: Block broadcast_11_piece0 stored as bytes in memory (estimated size 1775.0 B, free 529.8 MB)
18/10/30 00:19:38 INFO BlockManagerInfo: Added broadcast_11_piece0 in memory on localhost:39655 (size: 1775.0 B, free: 530.0 MB)
18/10/30 00:19:38 INFO SparkContext: Created broadcast 11 from broadcast at DAGScheduler.scala:861
18/10/30 00:19:38 INFO DAGScheduler: Submitting 2 missing tasks from ResultStage 9 (ShuffledRDD[11] at groupByKey at KMeans.scala:40)
18/10/30 00:19:38 INFO TaskSchedulerImpl: Adding task set 9.0 with 2 tasks
18/10/30 00:19:38 INFO TaskSetManager: Starting task 0.0 in stage 9.0 (TID 18, localhost, PROCESS_LOCAL, 1954 bytes)
18/10/30 00:19:38 INFO TaskSetManager: Starting task 1.0 in stage 9.0 (TID 19, localhost, PROCESS_LOCAL, 1954 bytes)
18/10/30 00:19:38 INFO Executor: Running task 0.0 in stage 9.0 (TID 18)
18/10/30 00:19:38 INFO ShuffleBlockFetcherIterator: Getting 2 non-empty blocks out of 2 blocks
18/10/30 00:19:38 INFO ShuffleBlockFetcherIterator: Started 0 remote fetches in 0 ms
18/10/30 00:19:38 INFO Executor: Running task 1.0 in stage 9.0 (TID 19)
18/10/30 00:19:38 INFO ShuffleBlockFetcherIterator: Getting 2 non-empty blocks out of 2 blocks
18/10/30 00:19:38 INFO ShuffleBlockFetcherIterator: Started 0 remote fetches in 0 ms
18/10/30 00:19:38 INFO Executor: Finished task 0.0 in stage 9.0 (TID 18). 16222 bytes result sent to driver
18/10/30 00:19:38 INFO TaskSetManager: Finished task 0.0 in stage 9.0 (TID 18) in 19 ms on localhost (1/2)
18/10/30 00:19:38 INFO Executor: Finished task 1.0 in stage 9.0 (TID 19). 16854 bytes result sent to driver
18/10/30 00:19:38 INFO TaskSetManager: Finished task 1.0 in stage 9.0 (TID 19) in 53 ms on localhost (2/2)
18/10/30 00:19:38 INFO TaskSchedulerImpl: Removed TaskSet 9.0, whose tasks have all completed, from pool 
18/10/30 00:19:38 INFO DAGScheduler: ResultStage 9 (collect at KMeans.scala:41) finished in 0.048 s
18/10/30 00:19:38 INFO DAGScheduler: Job 5 finished: collect at KMeans.scala:41, took 0.130857 s
18/10/30 00:19:38 INFO SparkContext: Starting job: collect at KMeans.scala:41
18/10/30 00:19:38 INFO DAGScheduler: Registering RDD 12 (parallelize at KMeans.scala:38)
18/10/30 00:19:38 INFO DAGScheduler: Got job 6 (collect at KMeans.scala:41) with 2 output partitions
18/10/30 00:19:38 INFO DAGScheduler: Final stage: ResultStage 11(collect at KMeans.scala:41)
18/10/30 00:19:38 INFO DAGScheduler: Parents of final stage: List(ShuffleMapStage 10)
18/10/30 00:19:38 INFO DAGScheduler: Missing parents: List(ShuffleMapStage 10)
18/10/30 00:19:38 INFO DAGScheduler: Submitting ShuffleMapStage 10 (ParallelCollectionRDD[12] at parallelize at KMeans.scala:38), which has no missing parents
18/10/30 00:19:38 INFO MemoryStore: ensureFreeSpace(2640) called with curMem=253739, maxMem=555755765
18/10/30 00:19:38 INFO MemoryStore: Block broadcast_12 stored as values in memory (estimated size 2.6 KB, free 529.8 MB)
18/10/30 00:19:38 INFO MemoryStore: ensureFreeSpace(1434) called with curMem=256379, maxMem=555755765
18/10/30 00:19:38 INFO MemoryStore: Block broadcast_12_piece0 stored as bytes in memory (estimated size 1434.0 B, free 529.8 MB)
18/10/30 00:19:38 INFO BlockManagerInfo: Added broadcast_12_piece0 in memory on localhost:39655 (size: 1434.0 B, free: 530.0 MB)
18/10/30 00:19:38 INFO SparkContext: Created broadcast 12 from broadcast at DAGScheduler.scala:861
18/10/30 00:19:38 INFO DAGScheduler: Submitting 2 missing tasks from ShuffleMapStage 10 (ParallelCollectionRDD[12] at parallelize at KMeans.scala:38)
18/10/30 00:19:38 INFO TaskSchedulerImpl: Adding task set 10.0 with 2 tasks
18/10/30 00:19:38 INFO TaskSetManager: Starting task 0.0 in stage 10.0 (TID 20, localhost, PROCESS_LOCAL, 21608 bytes)
18/10/30 00:19:38 INFO TaskSetManager: Starting task 1.0 in stage 10.0 (TID 21, localhost, PROCESS_LOCAL, 21589 bytes)
18/10/30 00:19:38 INFO Executor: Running task 1.0 in stage 10.0 (TID 21)
18/10/30 00:19:38 INFO Executor: Running task 0.0 in stage 10.0 (TID 20)
18/10/30 00:19:38 INFO Executor: Finished task 0.0 in stage 10.0 (TID 20). 1159 bytes result sent to driver
18/10/30 00:19:38 INFO TaskSetManager: Finished task 0.0 in stage 10.0 (TID 20) in 11 ms on localhost (1/2)
18/10/30 00:19:38 INFO Executor: Finished task 1.0 in stage 10.0 (TID 21). 1159 bytes result sent to driver
18/10/30 00:19:38 INFO TaskSetManager: Finished task 1.0 in stage 10.0 (TID 21) in 11 ms on localhost (2/2)
18/10/30 00:19:38 INFO TaskSchedulerImpl: Removed TaskSet 10.0, whose tasks have all completed, from pool 
18/10/30 00:19:38 INFO DAGScheduler: ShuffleMapStage 10 (parallelize at KMeans.scala:38) finished in 0.013 s
18/10/30 00:19:38 INFO DAGScheduler: looking for newly runnable stages
18/10/30 00:19:38 INFO DAGScheduler: running: Set()
18/10/30 00:19:38 INFO DAGScheduler: waiting: Set(ResultStage 11)
18/10/30 00:19:38 INFO DAGScheduler: failed: Set()
18/10/30 00:19:38 INFO DAGScheduler: Missing parents for ResultStage 11: List()
18/10/30 00:19:38 INFO DAGScheduler: Submitting ResultStage 11 (ShuffledRDD[13] at groupByKey at KMeans.scala:40), which is now runnable
18/10/30 00:19:38 INFO MemoryStore: ensureFreeSpace(3360) called with curMem=257813, maxMem=555755765
18/10/30 00:19:38 INFO MemoryStore: Block broadcast_13 stored as values in memory (estimated size 3.3 KB, free 529.8 MB)
18/10/30 00:19:38 INFO MemoryStore: ensureFreeSpace(1774) called with curMem=261173, maxMem=555755765
18/10/30 00:19:38 INFO MemoryStore: Block broadcast_13_piece0 stored as bytes in memory (estimated size 1774.0 B, free 529.8 MB)
18/10/30 00:19:38 INFO BlockManagerInfo: Added broadcast_13_piece0 in memory on localhost:39655 (size: 1774.0 B, free: 530.0 MB)
18/10/30 00:19:38 INFO SparkContext: Created broadcast 13 from broadcast at DAGScheduler.scala:861
18/10/30 00:19:38 INFO DAGScheduler: Submitting 2 missing tasks from ResultStage 11 (ShuffledRDD[13] at groupByKey at KMeans.scala:40)
18/10/30 00:19:38 INFO TaskSchedulerImpl: Adding task set 11.0 with 2 tasks
18/10/30 00:19:38 INFO TaskSetManager: Starting task 0.0 in stage 11.0 (TID 22, localhost, PROCESS_LOCAL, 1954 bytes)
18/10/30 00:19:38 INFO TaskSetManager: Starting task 1.0 in stage 11.0 (TID 23, localhost, PROCESS_LOCAL, 1954 bytes)
18/10/30 00:19:38 INFO Executor: Running task 0.0 in stage 11.0 (TID 22)
18/10/30 00:19:38 INFO ShuffleBlockFetcherIterator: Getting 2 non-empty blocks out of 2 blocks
18/10/30 00:19:38 INFO ShuffleBlockFetcherIterator: Started 0 remote fetches in 0 ms
18/10/30 00:19:38 INFO Executor: Running task 1.0 in stage 11.0 (TID 23)
18/10/30 00:19:38 INFO ShuffleBlockFetcherIterator: Getting 2 non-empty blocks out of 2 blocks
18/10/30 00:19:38 INFO ShuffleBlockFetcherIterator: Started 0 remote fetches in 0 ms
18/10/30 00:19:38 INFO Executor: Finished task 0.0 in stage 11.0 (TID 22). 16222 bytes result sent to driver
18/10/30 00:19:38 INFO TaskSetManager: Finished task 0.0 in stage 11.0 (TID 22) in 14 ms on localhost (1/2)
18/10/30 00:19:38 INFO Executor: Finished task 1.0 in stage 11.0 (TID 23). 16854 bytes result sent to driver
18/10/30 00:19:38 INFO TaskSetManager: Finished task 1.0 in stage 11.0 (TID 23) in 18 ms on localhost (2/2)
18/10/30 00:19:38 INFO TaskSchedulerImpl: Removed TaskSet 11.0, whose tasks have all completed, from pool 
18/10/30 00:19:38 INFO DAGScheduler: ResultStage 11 (collect at KMeans.scala:41) finished in 0.024 s
18/10/30 00:19:38 INFO DAGScheduler: Job 6 finished: collect at KMeans.scala:41, took 0.062413 s
(3.5084275246957817,17.573459125799864)
(3.535421927003258,19.433644293195005)
(3.421152606382378,15.705742038142157)
(5.3433803439785095,13.337906261662605)
(13.378916605824841,1.607969679895025)
(13.521023266009905,7.5157092910968935)
(3.4255552029818,5.552759549340505)
(19.403176106841798,3.568200773394429)
(17.41669914895143,19.409935497934253)
(9.434523363405205,1.5959424789373127)
(15.464502195088825,13.520984591123822)
(11.684650434663173,1.4456018723237867)
(11.415724345494002,11.202047135386776)
(9.526059947239563,15.51770141743311)
(17.394566167930165,11.524990545569418)
(3.6469725239874053,11.513939163347377)
(1.585706750208671,19.479182612762195)
(13.47999696751019,15.518416627788909)
(11.612257816266107,13.431677048838225)
(15.44189826243805,17.37978240407272)
(7.496623346068663,7.4962351600758526)
(15.418516840094476,15.473885495394038)
(15.553864342358487,5.332949834572114)
(3.614243664359365,9.533587864198719)
(1.5328427527943116,3.4350110994735537)
(3.5612855876355756,13.455447540293791)
(5.494007381973966,19.395287432453813)
(19.462432439585633,11.526593730283688)
(5.700703769230111,17.559182234719124)
(9.607193279857569,7.499760673946622)
(1.4214268238265082,13.65385991534782)
(11.471061934289873,7.533707718120387)
(11.66427773769761,3.5959075954620436)
(1.410986959543236,11.528621560445194)
(17.52337246960733,7.605315453109017)
(19.513234834865926,9.527773458458016)
(7.493602074182509,13.540005635233847)
(17.37605438986158,3.367358434625505)
(11.585852211801098,19.557488202153646)
(19.42417116919443,13.495366332950761)
(5.310176184940423,3.5856888398611564)
(13.418671430738755,17.355541407903296)
(13.645880564343168,9.550298361101952)
(9.541668964580522,19.490760340550395)
(15.557488944586686,11.36329988566569)
(15.449834657248928,19.48088104889714)
(9.559452530427794,13.542181968156077)
(1.6681393136801919,17.345128525400597)
(3.5295383078044393,1.4603864004807952)
(7.473465707728508,9.527236625702002)
(17.49620059389092,5.41346586392926)
(11.314612347510288,9.532555487511521)
(1.414506954463833,7.462231461178868)
(17.344366106689733,13.504042794103777)
(1.3713800405747953,1.3838420084482728)
(17.57297456772642,15.507148476870164)
(1.4605136897908426,15.551191828642892)
(5.466351573511209,15.38040370196049)
(7.471771200662084,19.510789472693276)
(7.514045239681713,1.4426580581677813)
(7.404644349482735,3.3238275829253645)
(9.561102812590052,17.418028545195025)
(11.565789152839638,15.492263851257922)
(15.48467564163502,9.471062807761296)
(17.419614783666,1.4763868763922958)
(19.465513634723155,7.4886107486020475)
(13.374220026619048,19.466601329712063)
(5.234603743426063,9.627355881912901)
(9.43533909421272,9.56278401861589)
(19.412900631239935,17.45382710254614)
(7.592245184448302,17.560004750042822)
(7.418536851027672,11.563000770908088)
(11.456249748288037,5.399921812381238)
(15.537119143192829,7.573048307342447)
(9.424771887917087,3.4510075799551623)
(13.657993710377946,3.4873492614180983)
(3.724210941409609,7.635447677839545)
(19.466892901603224,1.5583760512167482)
(11.517284536054932,17.460850336902567)
(5.575714848850136,11.47780590987567)
(5.6042672412582695,1.367822030896835)
(19.445673909844572,5.400851850201909)
(5.536713652503575,5.60409892089151)
(1.534350099101617,9.427621878096346)
(13.337475973934067,11.653972321069816)
(7.417149911519503,15.421833598207563)
(19.51442242964429,15.470311442896694)
(19.40923463297856,19.623347525250594)
(9.567911241308785,5.499567136045219)
(5.386919778686883,7.579927155353852)
(3.2932059910053813,3.6027514055595624)
(1.6170078456564476,5.406261095670564)
(17.449638052459488,17.570992561560235)
(13.472541366973687,5.588865024099275)
(13.520406174641,13.588340837724688)
(17.61150223845672,9.391536353654086)
(7.551997407764198,5.516385320890586)
(15.62891137577731,3.486125203470371)
(9.512609753970624,11.516494423827128)
(15.539260032097573,1.6402899134308284)
18/10/30 00:19:38 INFO SparkContext: Invoking stop() from shutdown hook
18/10/30 00:19:38 INFO SparkUI: Stopped Spark web UI at http://198.202.118.51:4040
18/10/30 00:19:38 INFO DAGScheduler: Stopping DAGScheduler
18/10/30 00:19:38 INFO MapOutputTrackerMasterEndpoint: MapOutputTrackerMasterEndpoint stopped!
18/10/30 00:19:38 INFO MemoryStore: MemoryStore cleared
18/10/30 00:19:38 INFO BlockManager: BlockManager stopped
18/10/30 00:19:38 INFO BlockManagerMaster: BlockManagerMaster stopped
18/10/30 00:19:38 INFO SparkContext: Successfully stopped SparkContext
18/10/30 00:19:38 INFO OutputCommitCoordinator$OutputCommitCoordinatorEndpoint: OutputCommitCoordinator stopped!
18/10/30 00:19:38 INFO ShutdownHookManager: Shutdown hook called
18/10/30 00:19:38 INFO ShutdownHookManager: Deleting directory /tmp/spark-6a1fe738-6cb4-41cc-812c-544340b2b864
18/10/30 00:19:38 INFO RemoteActorRefProvider$RemotingTerminator: Shutting down remote daemon.
18/10/30 00:19:38 INFO RemoteActorRefProvider$RemotingTerminator: Remote daemon shut down; proceeding with flushing remote transports.
